# JRE version: OpenJDK Runtime Environment (8.0_212) (build 1.8.0_212-release-1586-b4-5784211)
# Java VM: OpenJDK 64-Bit Server VM (25.212-b4-5784211 mixed mode linux-amd64 compressed oops)
Heap:
 PSYoungGen      total 345600K, used 3644K [0x00000000e0000000, 0x00000000f7700000, 0x0000000100000000)
  eden space 307200K, 0% used [0x00000000e0000000,0x00000000e0000000,0x00000000f2c00000)
  from space 38400K, 9% used [0x00000000f2c00000,0x00000000f2f8f248,0x00000000f5180000)
  to   space 37888K, 0% used [0x00000000f5200000,0x00000000f5200000,0x00000000f7700000)
 ParOldGen       total 125440K, used 97792K [0x00000000a0000000, 0x00000000a7a80000, 0x00000000e0000000)
  object space 125440K, 77% used [0x00000000a0000000,0x00000000a5f80258,0x00000000a7a80000)
 Metaspace       used 87694K, capacity 91268K, committed 91560K, reserved 1128448K
  class space    used 11694K, capacity 12358K, committed 12464K, reserved 1048576K
GC Heap History (10 events):
Event: 86.454 GC heap after
Heap after GC invocations=28 (full 4):
 PSYoungGen      total 236032K, used 29502K [0x00000000e0000000, 0x00000000f3780000, 0x0000000100000000)
  eden space 198144K, 0% used [0x00000000e0000000,0x00000000e0000000,0x00000000ec180000)
  from space 37888K, 77% used [0x00000000ee980000,0x00000000f064fb08,0x00000000f0e80000)
  to   space 40960K, 0% used [0x00000000ec180000,0x00000000ec180000,0x00000000ee980000)
 ParOldGen       total 125440K, used 67838K [0x00000000a0000000, 0x00000000a7a80000, 0x00000000e0000000)
  object space 125440K, 54% used [0x00000000a0000000,0x00000000a423f8b8,0x00000000a7a80000)
 Metaspace       used 85042K, capacity 88346K, committed 88488K, reserved 1126400K
  class space    used 11477K, capacity 12119K, committed 12208K, reserved 1048576K
}
Event: 87.688 GC heap before
{Heap before GC invocations=29 (full 4):
 PSYoungGen      total 236032K, used 227646K [0x00000000e0000000, 0x00000000f3780000, 0x0000000100000000)
  eden space 198144K, 100% used [0x00000000e0000000,0x00000000ec180000,0x00000000ec180000)
  from space 37888K, 77% used [0x00000000ee980000,0x00000000f064fb08,0x00000000f0e80000)
  to   space 40960K, 0% used [0x00000000ec180000,0x00000000ec180000,0x00000000ee980000)
 ParOldGen       total 125440K, used 67838K [0x00000000a0000000, 0x00000000a7a80000, 0x00000000e0000000)
  object space 125440K, 54% used [0x00000000a0000000,0x00000000a423f8b8,0x00000000a7a80000)
 Metaspace       used 85940K, capacity 89302K, committed 89640K, reserved 1126400K
  class space    used 11583K, capacity 12241K, committed 12336K, reserved 1048576K
Event: 87.731 GC heap after
Heap after GC invocations=29 (full 4):
 PSYoungGen      total 239104K, used 3636K [0x00000000e0000000, 0x00000000f4400000, 0x0000000100000000)
  eden space 198144K, 0% used [0x00000000e0000000,0x00000000e0000000,0x00000000ec180000)
  from space 40960K, 8% used [0x00000000ec180000,0x00000000ec50d028,0x00000000ee980000)
  to   space 40960K, 0% used [0x00000000f1c00000,0x00000000f1c00000,0x00000000f4400000)
 ParOldGen       total 125440K, used 92577K [0x00000000a0000000, 0x00000000a7a80000, 0x00000000e0000000)
  object space 125440K, 73% used [0x00000000a0000000,0x00000000a5a68488,0x00000000a7a80000)
 Metaspace       used 85940K, capacity 89302K, committed 89640K, reserved 1126400K
  class space    used 11583K, capacity 12241K, committed 12336K, reserved 1048576K
}
Event: 89.674 GC heap before
{Heap before GC invocations=30 (full 4):
 PSYoungGen      total 239104K, used 201780K [0x00000000e0000000, 0x00000000f4400000, 0x0000000100000000)
  eden space 198144K, 100% used [0x00000000e0000000,0x00000000ec180000,0x00000000ec180000)
  from space 40960K, 8% used [0x00000000ec180000,0x00000000ec50d028,0x00000000ee980000)
  to   space 40960K, 0% used [0x00000000f1c00000,0x00000000f1c00000,0x00000000f4400000)
 ParOldGen       total 125440K, used 92577K [0x00000000a0000000, 0x00000000a7a80000, 0x00000000e0000000)
  object space 125440K, 73% used [0x00000000a0000000,0x00000000a5a68488,0x00000000a7a80000)
 Metaspace       used 86981K, capacity 90600K, committed 90792K, reserved 1128448K
  class space    used 11665K, capacity 12348K, committed 12464K, reserved 1048576K
Event: 89.845 GC heap after
Heap after GC invocations=30 (full 4):
 PSYoungGen      total 285696K, used 2126K [0x00000000e0000000, 0x00000000f4100000, 0x0000000100000000)
  eden space 247808K, 0% used [0x00000000e0000000,0x00000000e0000000,0x00000000ef200000)
  from space 37888K, 5% used [0x00000000f1c00000,0x00000000f1e138d8,0x00000000f4100000)
  to   space 40448K, 0% used [0x00000000ef200000,0x00000000ef200000,0x00000000f1980000)
 ParOldGen       total 125440K, used 93245K [0x00000000a0000000, 0x00000000a7a80000, 0x00000000e0000000)
  object space 125440K, 74% used [0x00000000a0000000,0x00000000a5b0f498,0x00000000a7a80000)
 Metaspace       used 86981K, capacity 90600K, committed 90792K, reserved 1128448K
  class space    used 11665K, capacity 12348K, committed 12464K, reserved 1048576K
}
Event: 91.555 GC heap before
{Heap before GC invocations=31 (full 4):
 PSYoungGen      total 285696K, used 249934K [0x00000000e0000000, 0x00000000f4100000, 0x0000000100000000)
  eden space 247808K, 100% used [0x00000000e0000000,0x00000000ef200000,0x00000000ef200000)
  from space 37888K, 5% used [0x00000000f1c00000,0x00000000f1e138d8,0x00000000f4100000)
  to   space 40448K, 0% used [0x00000000ef200000,0x00000000ef200000,0x00000000f1980000)
 ParOldGen       total 125440K, used 93245K [0x00000000a0000000, 0x00000000a7a80000, 0x00000000e0000000)
  object space 125440K, 74% used [0x00000000a0000000,0x00000000a5b0f498,0x00000000a7a80000)
 Metaspace       used 87279K, capacity 90888K, committed 91048K, reserved 1128448K
  class space    used 11676K, capacity 12352K, committed 12464K, reserved 1048576K
Event: 91.570 GC heap after
Heap after GC invocations=31 (full 4):
 PSYoungGen      total 288256K, used 2528K [0x00000000e0000000, 0x00000000f7880000, 0x0000000100000000)
  eden space 247808K, 0% used [0x00000000e0000000,0x00000000e0000000,0x00000000ef200000)
  from space 40448K, 6% used [0x00000000ef200000,0x00000000ef478000,0x00000000f1980000)
  to   space 39424K, 0% used [0x00000000f5200000,0x00000000f5200000,0x00000000f7880000)
 ParOldGen       total 125440K, used 94930K [0x00000000a0000000, 0x00000000a7a80000, 0x00000000e0000000)
  object space 125440K, 75% used [0x00000000a0000000,0x00000000a5cb49b0,0x00000000a7a80000)
 Metaspace       used 87279K, capacity 90888K, committed 91048K, reserved 1128448K
  class space    used 11676K, capacity 12352K, committed 12464K, reserved 1048576K
}
Event: 104.287 GC heap before
{Heap before GC invocations=32 (full 4):
 PSYoungGen      total 288256K, used 250336K [0x00000000e0000000, 0x00000000f7880000, 0x0000000100000000)
  eden space 247808K, 100% used [0x00000000e0000000,0x00000000ef200000,0x00000000ef200000)
  from space 40448K, 6% used [0x00000000ef200000,0x00000000ef478000,0x00000000f1980000)
  to   space 39424K, 0% used [0x00000000f5200000,0x00000000f5200000,0x00000000f7880000)
 ParOldGen       total 125440K, used 94930K [0x00000000a0000000, 0x00000000a7a80000, 0x00000000e0000000)
  object space 125440K, 75% used [0x00000000a0000000,0x00000000a5cb49b0,0x00000000a7a80000)
 Metaspace       used 87598K, capacity 91192K, committed 91304K, reserved 1128448K
  class space    used 11689K, capacity 12358K, committed 12464K, reserved 1048576K
Event: 105.166 GC heap after
Heap after GC invocations=32 (full 4):
 PSYoungGen      total 345088K, used 3655K [0x00000000e0000000, 0x00000000f7700000, 0x0000000100000000)
  eden space 307200K, 0% used [0x00000000e0000000,0x00000000e0000000,0x00000000f2c00000)
  from space 37888K, 9% used [0x00000000f5200000,0x00000000f5591c30,0x00000000f7700000)
  to   space 38400K, 0% used [0x00000000f2c00000,0x00000000f2c00000,0x00000000f5180000)
 ParOldGen       total 125440K, used 96353K [0x00000000a0000000, 0x00000000a7a80000, 0x00000000e0000000)
  object space 125440K, 76% used [0x00000000a0000000,0x00000000a5e186c0,0x00000000a7a80000)
 Metaspace       used 87598K, capacity 91192K, committed 91304K, reserved 1128448K
  class space    used 11689K, capacity 12358K, committed 12464K, reserved 1048576K
}
Event: 121.751 GC heap before
{Heap before GC invocations=33 (full 4):
 PSYoungGen      total 345088K, used 310855K [0x00000000e0000000, 0x00000000f7700000, 0x0000000100000000)
  eden space 307200K, 100% used [0x00000000e0000000,0x00000000f2c00000,0x00000000f2c00000)
  from space 37888K, 9% used [0x00000000f5200000,0x00000000f5591c30,0x00000000f7700000)
  to   space 38400K, 0% used [0x00000000f2c00000,0x00000000f2c00000,0x00000000f5180000)
 ParOldGen       total 125440K, used 96353K [0x00000000a0000000, 0x00000000a7a80000, 0x00000000e0000000)
  object space 125440K, 76% used [0x00000000a0000000,0x00000000a5e186c0,0x00000000a7a80000)
 Metaspace       used 87694K, capacity 91268K, committed 91560K, reserved 1128448K
  class space    used 11694K, capacity 12358K, committed 12464K, reserved 1048576K

